<?xml version="1.0" encoding="UTF-8"?>
<robot generator="Robot 3.2.1 (Python 3.8.2 on linux)" generated="20200701 00:16:08.585" rpa="false">
<suite id="s1" name="Tests" source="/mnt/c/python/RobotFramework/tests.robot">
<test id="s1-t1" name="Positive 1 character">
<kw name="Set Test Variable" library="BuiltIn">
<doc>Makes a variable available everywhere within the scope of the current test.</doc>
<arguments>
<arg>&amp;{headers}</arg>
<arg>IMSI=_</arg>
</arguments>
<msg timestamp="20200701 00:16:08.770" level="INFO">&amp;{headers} = { IMSI=_ }</msg>
<status status="PASS" starttime="20200701 00:16:08.769" endtime="20200701 00:16:08.770"></status>
</kw>
<kw name="Create Session" library="RequestsLibrary">
<doc>Create Session: create a HTTP session to a server</doc>
<arguments>
<arg>webserver</arg>
<arg>http://127.0.0.1:5000</arg>
</arguments>
<msg timestamp="20200701 00:16:08.771" level="INFO">Creating Session using : alias=webserver, url=http://127.0.0.1:5000, headers={},                     cookies={}, auth=None, timeout=None, proxies=None, verify=False,                     debug=0 </msg>
<status status="PASS" starttime="20200701 00:16:08.771" endtime="20200701 00:16:08.771"></status>
</kw>
<kw name="Get Request" library="RequestsLibrary">
<doc>Send a GET request on the session object found using the
given `alias`</doc>
<arguments>
<arg>webserver</arg>
<arg>/</arg>
<arg>headers=${headers}</arg>
</arguments>
<assign>
<var>${resp}</var>
</assign>
<msg timestamp="20200701 00:16:08.777" level="INFO">GET Request : url=http://127.0.0.1:5000/ 
 path_url=/ 
 headers={'User-Agent': 'python-requests/2.24.0', 'Accept-Encoding': 'gzip, deflate', 'Accept': '*/*', 'Connection': 'keep-alive', 'IMSI': '_'} 
 body=None 
 </msg>
<msg timestamp="20200701 00:16:08.777" level="INFO">GET Response : url=http://127.0.0.1:5000/ 
 status=200, reason=OK 
 body=IMSI Header is OK 
 </msg>
<msg timestamp="20200701 00:16:08.777" level="INFO">${resp} = &lt;Response [200]&gt;</msg>
<status status="PASS" starttime="20200701 00:16:08.771" endtime="20200701 00:16:08.777"></status>
</kw>
<kw name="Status Should Be" library="RequestsLibrary">
<doc>Fails if response status code is different than the expected.</doc>
<arguments>
<arg>200</arg>
<arg>${resp}</arg>
</arguments>
<status status="PASS" starttime="20200701 00:16:08.778" endtime="20200701 00:16:08.778"></status>
</kw>
<status status="PASS" starttime="20200701 00:16:08.768" endtime="20200701 00:16:08.778" critical="yes"></status>
</test>
<test id="s1-t2" name="Positive 15 character">
<kw name="Set Test Variable" library="BuiltIn">
<doc>Makes a variable available everywhere within the scope of the current test.</doc>
<arguments>
<arg>&amp;{headers}</arg>
<arg>IMSI=09azAZ_12345678</arg>
</arguments>
<msg timestamp="20200701 00:16:08.785" level="INFO">&amp;{headers} = { IMSI=09azAZ_12345678 }</msg>
<status status="PASS" starttime="20200701 00:16:08.784" endtime="20200701 00:16:08.785"></status>
</kw>
<kw name="Create Session" library="RequestsLibrary">
<doc>Create Session: create a HTTP session to a server</doc>
<arguments>
<arg>webserver</arg>
<arg>http://127.0.0.1:5000</arg>
</arguments>
<msg timestamp="20200701 00:16:08.785" level="INFO">Creating Session using : alias=webserver, url=http://127.0.0.1:5000, headers={},                     cookies={}, auth=None, timeout=None, proxies=None, verify=False,                     debug=0 </msg>
<status status="PASS" starttime="20200701 00:16:08.785" endtime="20200701 00:16:08.786"></status>
</kw>
<kw name="Get Request" library="RequestsLibrary">
<doc>Send a GET request on the session object found using the
given `alias`</doc>
<arguments>
<arg>webserver</arg>
<arg>/</arg>
<arg>headers=${headers}</arg>
</arguments>
<assign>
<var>${resp}</var>
</assign>
<msg timestamp="20200701 00:16:08.790" level="INFO">GET Request : url=http://127.0.0.1:5000/ 
 path_url=/ 
 headers={'User-Agent': 'python-requests/2.24.0', 'Accept-Encoding': 'gzip, deflate', 'Accept': '*/*', 'Connection': 'keep-alive', 'IMSI': '09azAZ_12345678'} 
 body=None 
 </msg>
<msg timestamp="20200701 00:16:08.790" level="INFO">GET Response : url=http://127.0.0.1:5000/ 
 status=200, reason=OK 
 body=IMSI Header is OK 
 </msg>
<msg timestamp="20200701 00:16:08.790" level="INFO">${resp} = &lt;Response [200]&gt;</msg>
<status status="PASS" starttime="20200701 00:16:08.786" endtime="20200701 00:16:08.790"></status>
</kw>
<kw name="Status Should Be" library="RequestsLibrary">
<doc>Fails if response status code is different than the expected.</doc>
<arguments>
<arg>200</arg>
<arg>${resp}</arg>
</arguments>
<status status="PASS" starttime="20200701 00:16:08.790" endtime="20200701 00:16:08.791"></status>
</kw>
<status status="PASS" starttime="20200701 00:16:08.780" endtime="20200701 00:16:08.791" critical="yes"></status>
</test>
<test id="s1-t3" name="Negative 16 character">
<kw name="Set Test Variable" library="BuiltIn">
<doc>Makes a variable available everywhere within the scope of the current test.</doc>
<arguments>
<arg>&amp;{headers}</arg>
<arg>IMSI=09azAZ_12345678_</arg>
</arguments>
<msg timestamp="20200701 00:16:08.795" level="INFO">&amp;{headers} = { IMSI=09azAZ_12345678_ }</msg>
<status status="PASS" starttime="20200701 00:16:08.795" endtime="20200701 00:16:08.795"></status>
</kw>
<kw name="Create Session" library="RequestsLibrary">
<doc>Create Session: create a HTTP session to a server</doc>
<arguments>
<arg>webserver</arg>
<arg>http://127.0.0.1:5000</arg>
</arguments>
<msg timestamp="20200701 00:16:08.796" level="INFO">Creating Session using : alias=webserver, url=http://127.0.0.1:5000, headers={},                     cookies={}, auth=None, timeout=None, proxies=None, verify=False,                     debug=0 </msg>
<status status="PASS" starttime="20200701 00:16:08.796" endtime="20200701 00:16:08.796"></status>
</kw>
<kw name="Get Request" library="RequestsLibrary">
<doc>Send a GET request on the session object found using the
given `alias`</doc>
<arguments>
<arg>webserver</arg>
<arg>/</arg>
<arg>headers=${headers}</arg>
</arguments>
<assign>
<var>${resp}</var>
</assign>
<msg timestamp="20200701 00:16:08.801" level="INFO">GET Request : url=http://127.0.0.1:5000/ 
 path_url=/ 
 headers={'User-Agent': 'python-requests/2.24.0', 'Accept-Encoding': 'gzip, deflate', 'Accept': '*/*', 'Connection': 'keep-alive', 'IMSI': '09azAZ_12345678_'} 
 body=None 
 </msg>
<msg timestamp="20200701 00:16:08.801" level="INFO">GET Response : url=http://127.0.0.1:5000/ 
 status=500, reason=INTERNAL SERVER ERROR 
 body=String lenght shotter than 1 or longer than 15 
 </msg>
<msg timestamp="20200701 00:16:08.801" level="INFO">${resp} = &lt;Response [500]&gt;</msg>
<status status="PASS" starttime="20200701 00:16:08.796" endtime="20200701 00:16:08.801"></status>
</kw>
<kw name="Status Should Be" library="RequestsLibrary">
<doc>Fails if response status code is different than the expected.</doc>
<arguments>
<arg>500</arg>
<arg>${resp}</arg>
</arguments>
<status status="PASS" starttime="20200701 00:16:08.801" endtime="20200701 00:16:08.802"></status>
</kw>
<status status="PASS" starttime="20200701 00:16:08.793" endtime="20200701 00:16:08.802" critical="yes"></status>
</test>
<test id="s1-t4" name="Negative 0 character">
<kw name="Set Test Variable" library="BuiltIn">
<doc>Makes a variable available everywhere within the scope of the current test.</doc>
<arguments>
<arg>&amp;{headers}</arg>
<arg>IMSI=</arg>
</arguments>
<msg timestamp="20200701 00:16:08.812" level="INFO">&amp;{headers} = { IMSI= }</msg>
<status status="PASS" starttime="20200701 00:16:08.812" endtime="20200701 00:16:08.812"></status>
</kw>
<kw name="Create Session" library="RequestsLibrary">
<doc>Create Session: create a HTTP session to a server</doc>
<arguments>
<arg>webserver</arg>
<arg>http://127.0.0.1:5000</arg>
</arguments>
<msg timestamp="20200701 00:16:08.813" level="INFO">Creating Session using : alias=webserver, url=http://127.0.0.1:5000, headers={},                     cookies={}, auth=None, timeout=None, proxies=None, verify=False,                     debug=0 </msg>
<status status="PASS" starttime="20200701 00:16:08.813" endtime="20200701 00:16:08.814"></status>
</kw>
<kw name="Get Request" library="RequestsLibrary">
<doc>Send a GET request on the session object found using the
given `alias`</doc>
<arguments>
<arg>webserver</arg>
<arg>/</arg>
<arg>headers=${headers}</arg>
</arguments>
<assign>
<var>${resp}</var>
</assign>
<msg timestamp="20200701 00:16:08.817" level="INFO">GET Request : url=http://127.0.0.1:5000/ 
 path_url=/ 
 headers={'User-Agent': 'python-requests/2.24.0', 'Accept-Encoding': 'gzip, deflate', 'Accept': '*/*', 'Connection': 'keep-alive', 'IMSI': ''} 
 body=None 
 </msg>
<msg timestamp="20200701 00:16:08.817" level="INFO">GET Response : url=http://127.0.0.1:5000/ 
 status=500, reason=INTERNAL SERVER ERROR 
 body=There is no IMSI header 
 </msg>
<msg timestamp="20200701 00:16:08.817" level="INFO">${resp} = &lt;Response [500]&gt;</msg>
<status status="PASS" starttime="20200701 00:16:08.814" endtime="20200701 00:16:08.817"></status>
</kw>
<kw name="Status Should Be" library="RequestsLibrary">
<doc>Fails if response status code is different than the expected.</doc>
<arguments>
<arg>500</arg>
<arg>${resp}</arg>
</arguments>
<status status="PASS" starttime="20200701 00:16:08.818" endtime="20200701 00:16:08.818"></status>
</kw>
<status status="PASS" starttime="20200701 00:16:08.804" endtime="20200701 00:16:08.818" critical="yes"></status>
</test>
<test id="s1-t5" name="Negative without IMSI header">
<kw name="Create Session" library="RequestsLibrary">
<doc>Create Session: create a HTTP session to a server</doc>
<arguments>
<arg>webserver</arg>
<arg>http://127.0.0.1:5000</arg>
</arguments>
<msg timestamp="20200701 00:16:08.825" level="INFO">Creating Session using : alias=webserver, url=http://127.0.0.1:5000, headers={},                     cookies={}, auth=None, timeout=None, proxies=None, verify=False,                     debug=0 </msg>
<status status="PASS" starttime="20200701 00:16:08.824" endtime="20200701 00:16:08.825"></status>
</kw>
<kw name="Get Request" library="RequestsLibrary">
<doc>Send a GET request on the session object found using the
given `alias`</doc>
<arguments>
<arg>webserver</arg>
<arg>/</arg>
</arguments>
<assign>
<var>${resp}</var>
</assign>
<msg timestamp="20200701 00:16:08.829" level="INFO">GET Request : url=http://127.0.0.1:5000/ 
 path_url=/ 
 headers={'User-Agent': 'python-requests/2.24.0', 'Accept-Encoding': 'gzip, deflate', 'Accept': '*/*', 'Connection': 'keep-alive'} 
 body=None 
 </msg>
<msg timestamp="20200701 00:16:08.829" level="INFO">GET Response : url=http://127.0.0.1:5000/ 
 status=500, reason=INTERNAL SERVER ERROR 
 body=There is no IMSI header 
 </msg>
<msg timestamp="20200701 00:16:08.829" level="INFO">${resp} = &lt;Response [500]&gt;</msg>
<status status="PASS" starttime="20200701 00:16:08.825" endtime="20200701 00:16:08.829"></status>
</kw>
<kw name="Status Should Be" library="RequestsLibrary">
<doc>Fails if response status code is different than the expected.</doc>
<arguments>
<arg>500</arg>
<arg>${resp}</arg>
</arguments>
<status status="PASS" starttime="20200701 00:16:08.829" endtime="20200701 00:16:08.830"></status>
</kw>
<status status="PASS" starttime="20200701 00:16:08.820" endtime="20200701 00:16:08.830" critical="yes"></status>
</test>
<test id="s1-t6" name="Negative unsupported character">
<kw name="Set Test Variable" library="BuiltIn">
<doc>Makes a variable available everywhere within the scope of the current test.</doc>
<arguments>
<arg>&amp;{headers}</arg>
<arg>IMSI=!09azAZ_1234567</arg>
</arguments>
<msg timestamp="20200701 00:16:08.836" level="INFO">&amp;{headers} = { IMSI=!09azAZ_1234567 }</msg>
<status status="PASS" starttime="20200701 00:16:08.836" endtime="20200701 00:16:08.836"></status>
</kw>
<kw name="Create Session" library="RequestsLibrary">
<doc>Create Session: create a HTTP session to a server</doc>
<arguments>
<arg>webserver</arg>
<arg>http://127.0.0.1:5000</arg>
</arguments>
<msg timestamp="20200701 00:16:08.837" level="INFO">Creating Session using : alias=webserver, url=http://127.0.0.1:5000, headers={},                     cookies={}, auth=None, timeout=None, proxies=None, verify=False,                     debug=0 </msg>
<status status="PASS" starttime="20200701 00:16:08.837" endtime="20200701 00:16:08.839"></status>
</kw>
<kw name="Get Request" library="RequestsLibrary">
<doc>Send a GET request on the session object found using the
given `alias`</doc>
<arguments>
<arg>webserver</arg>
<arg>/</arg>
<arg>headers=${headers}</arg>
</arguments>
<assign>
<var>${resp}</var>
</assign>
<msg timestamp="20200701 00:16:08.843" level="INFO">GET Request : url=http://127.0.0.1:5000/ 
 path_url=/ 
 headers={'User-Agent': 'python-requests/2.24.0', 'Accept-Encoding': 'gzip, deflate', 'Accept': '*/*', 'Connection': 'keep-alive', 'IMSI': '!09azAZ_1234567'} 
 body=None 
 </msg>
<msg timestamp="20200701 00:16:08.843" level="INFO">GET Response : url=http://127.0.0.1:5000/ 
 status=500, reason=INTERNAL SERVER ERROR 
 body=IMSI header can contain only digits, letters and symbol _ 
 </msg>
<msg timestamp="20200701 00:16:08.843" level="INFO">${resp} = &lt;Response [500]&gt;</msg>
<status status="PASS" starttime="20200701 00:16:08.839" endtime="20200701 00:16:08.843"></status>
</kw>
<kw name="Status Should Be" library="RequestsLibrary">
<doc>Fails if response status code is different than the expected.</doc>
<arguments>
<arg>500</arg>
<arg>${resp}</arg>
</arguments>
<status status="PASS" starttime="20200701 00:16:08.843" endtime="20200701 00:16:08.843"></status>
</kw>
<status status="PASS" starttime="20200701 00:16:08.832" endtime="20200701 00:16:08.844" critical="yes"></status>
</test>
<status status="PASS" starttime="20200701 00:16:08.588" endtime="20200701 00:16:08.846"></status>
</suite>
<statistics>
<total>
<stat pass="6" fail="0">Critical Tests</stat>
<stat pass="6" fail="0">All Tests</stat>
</total>
<tag>
</tag>
<suite>
<stat pass="6" fail="0" id="s1" name="Tests">Tests</stat>
</suite>
</statistics>
<errors>
</errors>
</robot>
