<?xml version="1.0" encoding="UTF-8"?>
<robot generator="Robot 3.2.1 (Python 3.8.2 on linux)" generated="20200701 01:20:03.820" rpa="false">
<suite id="s1" name="Tests" source="/mnt/c/python/RobotFramework/tests.robot">
<test id="s1-t1" name="Positive 1 character">
<kw name="Set Test Variable" library="BuiltIn">
<doc>Makes a variable available everywhere within the scope of the current test.</doc>
<arguments>
<arg>&amp;{headers}</arg>
<arg>IMSI=_</arg>
</arguments>
<msg timestamp="20200701 01:20:04.002" level="INFO">&amp;{headers} = { IMSI=_ }</msg>
<status status="PASS" starttime="20200701 01:20:04.001" endtime="20200701 01:20:04.002"></status>
</kw>
<kw name="Create Session" library="RequestsLibrary">
<doc>Create Session: create a HTTP session to a server</doc>
<arguments>
<arg>webserver</arg>
<arg>http://127.0.0.1:5000</arg>
</arguments>
<msg timestamp="20200701 01:20:04.002" level="INFO">Creating Session using : alias=webserver, url=http://127.0.0.1:5000, headers={},                     cookies={}, auth=None, timeout=None, proxies=None, verify=False,                     debug=0 </msg>
<status status="PASS" starttime="20200701 01:20:04.002" endtime="20200701 01:20:04.003"></status>
</kw>
<kw name="Get Request" library="RequestsLibrary">
<doc>Send a GET request on the session object found using the
given `alias`</doc>
<arguments>
<arg>webserver</arg>
<arg>/</arg>
<arg>headers=${headers}</arg>
</arguments>
<assign>
<var>${resp}</var>
</assign>
<msg timestamp="20200701 01:20:04.009" level="INFO">GET Request : url=http://127.0.0.1:5000/ 
 path_url=/ 
 headers={'User-Agent': 'python-requests/2.24.0', 'Accept-Encoding': 'gzip, deflate', 'Accept': '*/*', 'Connection': 'keep-alive', 'IMSI': '_'} 
 body=None 
 </msg>
<msg timestamp="20200701 01:20:04.009" level="INFO">GET Response : url=http://127.0.0.1:5000/ 
 status=200, reason=OK 
 body=IMSI Header is OK 
 </msg>
<msg timestamp="20200701 01:20:04.009" level="INFO">${resp} = &lt;Response [200]&gt;</msg>
<status status="PASS" starttime="20200701 01:20:04.003" endtime="20200701 01:20:04.009"></status>
</kw>
<kw name="Status Should Be" library="RequestsLibrary">
<doc>Fails if response status code is different than the expected.</doc>
<arguments>
<arg>200</arg>
<arg>${resp}</arg>
</arguments>
<status status="PASS" starttime="20200701 01:20:04.009" endtime="20200701 01:20:04.009"></status>
</kw>
<status status="PASS" starttime="20200701 01:20:04.000" endtime="20200701 01:20:04.010" critical="yes"></status>
</test>
<test id="s1-t2" name="Positive 15 character">
<kw name="Set Test Variable" library="BuiltIn">
<doc>Makes a variable available everywhere within the scope of the current test.</doc>
<arguments>
<arg>&amp;{headers}</arg>
<arg>IMSI=09azAZ_12345678</arg>
</arguments>
<msg timestamp="20200701 01:20:04.017" level="INFO">&amp;{headers} = { IMSI=09azAZ_12345678 }</msg>
<status status="PASS" starttime="20200701 01:20:04.016" endtime="20200701 01:20:04.017"></status>
</kw>
<kw name="Create Session" library="RequestsLibrary">
<doc>Create Session: create a HTTP session to a server</doc>
<arguments>
<arg>webserver</arg>
<arg>http://127.0.0.1:5000</arg>
</arguments>
<msg timestamp="20200701 01:20:04.017" level="INFO">Creating Session using : alias=webserver, url=http://127.0.0.1:5000, headers={},                     cookies={}, auth=None, timeout=None, proxies=None, verify=False,                     debug=0 </msg>
<status status="PASS" starttime="20200701 01:20:04.017" endtime="20200701 01:20:04.018"></status>
</kw>
<kw name="Get Request" library="RequestsLibrary">
<doc>Send a GET request on the session object found using the
given `alias`</doc>
<arguments>
<arg>webserver</arg>
<arg>/</arg>
<arg>headers=${headers}</arg>
</arguments>
<assign>
<var>${resp}</var>
</assign>
<msg timestamp="20200701 01:20:04.022" level="INFO">GET Request : url=http://127.0.0.1:5000/ 
 path_url=/ 
 headers={'User-Agent': 'python-requests/2.24.0', 'Accept-Encoding': 'gzip, deflate', 'Accept': '*/*', 'Connection': 'keep-alive', 'IMSI': '09azAZ_12345678'} 
 body=None 
 </msg>
<msg timestamp="20200701 01:20:04.022" level="INFO">GET Response : url=http://127.0.0.1:5000/ 
 status=200, reason=OK 
 body=IMSI Header is OK 
 </msg>
<msg timestamp="20200701 01:20:04.022" level="INFO">${resp} = &lt;Response [200]&gt;</msg>
<status status="PASS" starttime="20200701 01:20:04.018" endtime="20200701 01:20:04.022"></status>
</kw>
<kw name="Status Should Be" library="RequestsLibrary">
<doc>Fails if response status code is different than the expected.</doc>
<arguments>
<arg>200</arg>
<arg>${resp}</arg>
</arguments>
<status status="PASS" starttime="20200701 01:20:04.022" endtime="20200701 01:20:04.023"></status>
</kw>
<status status="PASS" starttime="20200701 01:20:04.012" endtime="20200701 01:20:04.023" critical="yes"></status>
</test>
<test id="s1-t3" name="Negative 16 character">
<kw name="Set Test Variable" library="BuiltIn">
<doc>Makes a variable available everywhere within the scope of the current test.</doc>
<arguments>
<arg>&amp;{headers}</arg>
<arg>IMSI=09azAZ_12345678_</arg>
</arguments>
<msg timestamp="20200701 01:20:04.028" level="INFO">&amp;{headers} = { IMSI=09azAZ_12345678_ }</msg>
<status status="PASS" starttime="20200701 01:20:04.028" endtime="20200701 01:20:04.028"></status>
</kw>
<kw name="Create Session" library="RequestsLibrary">
<doc>Create Session: create a HTTP session to a server</doc>
<arguments>
<arg>webserver</arg>
<arg>http://127.0.0.1:5000</arg>
</arguments>
<msg timestamp="20200701 01:20:04.029" level="INFO">Creating Session using : alias=webserver, url=http://127.0.0.1:5000, headers={},                     cookies={}, auth=None, timeout=None, proxies=None, verify=False,                     debug=0 </msg>
<status status="PASS" starttime="20200701 01:20:04.029" endtime="20200701 01:20:04.029"></status>
</kw>
<kw name="Get Request" library="RequestsLibrary">
<doc>Send a GET request on the session object found using the
given `alias`</doc>
<arguments>
<arg>webserver</arg>
<arg>/</arg>
<arg>headers=${headers}</arg>
</arguments>
<assign>
<var>${resp}</var>
</assign>
<msg timestamp="20200701 01:20:04.032" level="INFO">GET Request : url=http://127.0.0.1:5000/ 
 path_url=/ 
 headers={'User-Agent': 'python-requests/2.24.0', 'Accept-Encoding': 'gzip, deflate', 'Accept': '*/*', 'Connection': 'keep-alive', 'IMSI': '09azAZ_12345678_'} 
 body=None 
 </msg>
<msg timestamp="20200701 01:20:04.033" level="INFO">GET Response : url=http://127.0.0.1:5000/ 
 status=500, reason=INTERNAL SERVER ERROR 
 body=String lenght shotter than 1 or longer than 15 
 </msg>
<msg timestamp="20200701 01:20:04.033" level="INFO">${resp} = &lt;Response [500]&gt;</msg>
<status status="PASS" starttime="20200701 01:20:04.029" endtime="20200701 01:20:04.033"></status>
</kw>
<kw name="Status Should Be" library="RequestsLibrary">
<doc>Fails if response status code is different than the expected.</doc>
<arguments>
<arg>500</arg>
<arg>${resp}</arg>
</arguments>
<status status="PASS" starttime="20200701 01:20:04.033" endtime="20200701 01:20:04.033"></status>
</kw>
<status status="PASS" starttime="20200701 01:20:04.026" endtime="20200701 01:20:04.034" critical="yes"></status>
</test>
<test id="s1-t4" name="Negative 0 character">
<kw name="Set Test Variable" library="BuiltIn">
<doc>Makes a variable available everywhere within the scope of the current test.</doc>
<arguments>
<arg>&amp;{headers}</arg>
<arg>IMSI=</arg>
</arguments>
<msg timestamp="20200701 01:20:04.041" level="INFO">&amp;{headers} = { IMSI= }</msg>
<status status="PASS" starttime="20200701 01:20:04.040" endtime="20200701 01:20:04.041"></status>
</kw>
<kw name="Create Session" library="RequestsLibrary">
<doc>Create Session: create a HTTP session to a server</doc>
<arguments>
<arg>webserver</arg>
<arg>http://127.0.0.1:5000</arg>
</arguments>
<msg timestamp="20200701 01:20:04.041" level="INFO">Creating Session using : alias=webserver, url=http://127.0.0.1:5000, headers={},                     cookies={}, auth=None, timeout=None, proxies=None, verify=False,                     debug=0 </msg>
<status status="PASS" starttime="20200701 01:20:04.041" endtime="20200701 01:20:04.042"></status>
</kw>
<kw name="Get Request" library="RequestsLibrary">
<doc>Send a GET request on the session object found using the
given `alias`</doc>
<arguments>
<arg>webserver</arg>
<arg>/</arg>
<arg>headers=${headers}</arg>
</arguments>
<assign>
<var>${resp}</var>
</assign>
<msg timestamp="20200701 01:20:04.045" level="INFO">GET Request : url=http://127.0.0.1:5000/ 
 path_url=/ 
 headers={'User-Agent': 'python-requests/2.24.0', 'Accept-Encoding': 'gzip, deflate', 'Accept': '*/*', 'Connection': 'keep-alive', 'IMSI': ''} 
 body=None 
 </msg>
<msg timestamp="20200701 01:20:04.046" level="INFO">GET Response : url=http://127.0.0.1:5000/ 
 status=500, reason=INTERNAL SERVER ERROR 
 body=There is no IMSI header 
 </msg>
<msg timestamp="20200701 01:20:04.046" level="INFO">${resp} = &lt;Response [500]&gt;</msg>
<status status="PASS" starttime="20200701 01:20:04.042" endtime="20200701 01:20:04.046"></status>
</kw>
<kw name="Status Should Be" library="RequestsLibrary">
<doc>Fails if response status code is different than the expected.</doc>
<arguments>
<arg>500</arg>
<arg>${resp}</arg>
</arguments>
<status status="PASS" starttime="20200701 01:20:04.046" endtime="20200701 01:20:04.046"></status>
</kw>
<status status="PASS" starttime="20200701 01:20:04.035" endtime="20200701 01:20:04.047" critical="yes"></status>
</test>
<test id="s1-t5" name="Negative without IMSI header">
<kw name="Create Session" library="RequestsLibrary">
<doc>Create Session: create a HTTP session to a server</doc>
<arguments>
<arg>webserver</arg>
<arg>http://127.0.0.1:5000</arg>
</arguments>
<msg timestamp="20200701 01:20:04.055" level="INFO">Creating Session using : alias=webserver, url=http://127.0.0.1:5000, headers={},                     cookies={}, auth=None, timeout=None, proxies=None, verify=False,                     debug=0 </msg>
<status status="PASS" starttime="20200701 01:20:04.055" endtime="20200701 01:20:04.055"></status>
</kw>
<kw name="Get Request" library="RequestsLibrary">
<doc>Send a GET request on the session object found using the
given `alias`</doc>
<arguments>
<arg>webserver</arg>
<arg>/</arg>
</arguments>
<assign>
<var>${resp}</var>
</assign>
<msg timestamp="20200701 01:20:04.059" level="INFO">GET Request : url=http://127.0.0.1:5000/ 
 path_url=/ 
 headers={'User-Agent': 'python-requests/2.24.0', 'Accept-Encoding': 'gzip, deflate', 'Accept': '*/*', 'Connection': 'keep-alive'} 
 body=None 
 </msg>
<msg timestamp="20200701 01:20:04.059" level="INFO">GET Response : url=http://127.0.0.1:5000/ 
 status=500, reason=INTERNAL SERVER ERROR 
 body=There is no IMSI header 
 </msg>
<msg timestamp="20200701 01:20:04.059" level="INFO">${resp} = &lt;Response [500]&gt;</msg>
<status status="PASS" starttime="20200701 01:20:04.056" endtime="20200701 01:20:04.059"></status>
</kw>
<kw name="Status Should Be" library="RequestsLibrary">
<doc>Fails if response status code is different than the expected.</doc>
<arguments>
<arg>500</arg>
<arg>${resp}</arg>
</arguments>
<status status="PASS" starttime="20200701 01:20:04.059" endtime="20200701 01:20:04.059"></status>
</kw>
<status status="PASS" starttime="20200701 01:20:04.049" endtime="20200701 01:20:04.060" critical="yes"></status>
</test>
<test id="s1-t6" name="Negative unsupported character">
<kw name="Set Test Variable" library="BuiltIn">
<doc>Makes a variable available everywhere within the scope of the current test.</doc>
<arguments>
<arg>&amp;{headers}</arg>
<arg>IMSI=!09azAZ_1234567</arg>
</arguments>
<msg timestamp="20200701 01:20:04.067" level="INFO">&amp;{headers} = { IMSI=!09azAZ_1234567 }</msg>
<status status="PASS" starttime="20200701 01:20:04.066" endtime="20200701 01:20:04.067"></status>
</kw>
<kw name="Create Session" library="RequestsLibrary">
<doc>Create Session: create a HTTP session to a server</doc>
<arguments>
<arg>webserver</arg>
<arg>http://127.0.0.1:5000</arg>
</arguments>
<msg timestamp="20200701 01:20:04.067" level="INFO">Creating Session using : alias=webserver, url=http://127.0.0.1:5000, headers={},                     cookies={}, auth=None, timeout=None, proxies=None, verify=False,                     debug=0 </msg>
<status status="PASS" starttime="20200701 01:20:04.067" endtime="20200701 01:20:04.068"></status>
</kw>
<kw name="Get Request" library="RequestsLibrary">
<doc>Send a GET request on the session object found using the
given `alias`</doc>
<arguments>
<arg>webserver</arg>
<arg>/</arg>
<arg>headers=${headers}</arg>
</arguments>
<assign>
<var>${resp}</var>
</assign>
<msg timestamp="20200701 01:20:04.072" level="INFO">GET Request : url=http://127.0.0.1:5000/ 
 path_url=/ 
 headers={'User-Agent': 'python-requests/2.24.0', 'Accept-Encoding': 'gzip, deflate', 'Accept': '*/*', 'Connection': 'keep-alive', 'IMSI': '!09azAZ_1234567'} 
 body=None 
 </msg>
<msg timestamp="20200701 01:20:04.072" level="INFO">GET Response : url=http://127.0.0.1:5000/ 
 status=500, reason=INTERNAL SERVER ERROR 
 body=IMSI header can contain only digits, letters and symbol _ 
 </msg>
<msg timestamp="20200701 01:20:04.072" level="INFO">${resp} = &lt;Response [500]&gt;</msg>
<status status="PASS" starttime="20200701 01:20:04.068" endtime="20200701 01:20:04.072"></status>
</kw>
<kw name="Status Should Be" library="RequestsLibrary">
<doc>Fails if response status code is different than the expected.</doc>
<arguments>
<arg>500</arg>
<arg>${resp}</arg>
</arguments>
<status status="PASS" starttime="20200701 01:20:04.073" endtime="20200701 01:20:04.073"></status>
</kw>
<status status="PASS" starttime="20200701 01:20:04.062" endtime="20200701 01:20:04.073" critical="yes"></status>
</test>
<status status="PASS" starttime="20200701 01:20:03.822" endtime="20200701 01:20:04.075"></status>
</suite>
<statistics>
<total>
<stat pass="6" fail="0">Critical Tests</stat>
<stat pass="6" fail="0">All Tests</stat>
</total>
<tag>
</tag>
<suite>
<stat pass="6" fail="0" id="s1" name="Tests">Tests</stat>
</suite>
</statistics>
<errors>
</errors>
</robot>
